0 info it worked if it ends with ok
1 verbose cli [ 'C:\\Program Files\\nodejs\\node.exe',
1 verbose cli   'C:\\Program Files\\nodejs\\node_modules\\npm\\bin\\npm-cli.js',
1 verbose cli   'start' ]
2 info using npm@3.10.10
3 info using node@v6.10.3
4 verbose run-script [ 'prestart', 'start', 'poststart' ]
5 info lifecycle routing@1.0.0~prestart: routing@1.0.0
6 silly lifecycle routing@1.0.0~prestart: no script for prestart, continuing
7 info lifecycle routing@1.0.0~start: routing@1.0.0
8 verbose lifecycle routing@1.0.0~start: unsafe-perm in lifecycle true
9 verbose lifecycle routing@1.0.0~start: PATH: C:\Program Files\nodejs\node_modules\npm\bin\node-gyp-bin;C:\Users\Valen\Desktop\Runa\node_modules\.bin;C:\ProgramData\Oracle\Java\javapath;C:\Program Files\Broadcom\Broadcom 802.11 Network Adapter;C:\Program Files (x86)\Intel\iCLS Client\;C:\Program Files\Intel\iCLS Client\;C:\WINDOWS\system32;C:\WINDOWS;C:\WINDOWS\System32\Wbem;C:\WINDOWS\System32\WindowsPowerShell\v1.0\;C:\Program Files\Intel\Intel(R) Management Engine Components\DAL;C:\Program Files\Intel\Intel(R) Management Engine Components\IPT;C:\Program Files (x86)\Intel\Intel(R) Management Engine Components\DAL;C:\Program Files (x86)\Intel\Intel(R) Management Engine Components\IPT;C:\Program Files\WIDCOMM\Bluetooth Software\;C:\Program Files\WIDCOMM\Bluetooth Software\syswow64;C:\Program Files (x86)\Intel\OpenCL SDK\2.0\bin\x86;C:\Program Files (x86)\Intel\OpenCL SDK\2.0\bin\x64;C:\Program Files (x86)\Sony\VAIO BIOS Data Transfer Utility\;C:\Program Files (x86)\Sony\VAIO Startup Setting Tool;C:\Program Files (x86)\Skype\Phone\;C:\Program Files\nodejs\;C:\Program Files\Git\cmd;C:\Program Files\PuTTY\;C:\Users\Valen\AppData\Local\Android\sdk\platform-tools;C:\WINDOWS\System32\OpenSSH\;C:\Users\Valen\AppData\Local\Microsoft\WindowsApps;C:\Users\Valen\AppData\Roaming\npm;C:\Program Files\Docker Toolbox;C:\Users\Valen\AppData\Local\Android\sdk\platform-tools;
10 verbose lifecycle routing@1.0.0~start: CWD: C:\Users\Valen\Desktop\Runa
11 silly lifecycle routing@1.0.0~start: Args: [ '/d /s /c', 'webpack -w' ]
12 silly lifecycle routing@1.0.0~start: Returned: code: 3221225786  signal: null
13 info lifecycle routing@1.0.0~start: Failed to exec start script
14 verbose stack Error: routing@1.0.0 start: `webpack -w`
14 verbose stack Exit status 3221225786
14 verbose stack     at EventEmitter.<anonymous> (C:\Program Files\nodejs\node_modules\npm\lib\utils\lifecycle.js:255:16)
14 verbose stack     at emitTwo (events.js:106:13)
14 verbose stack     at EventEmitter.emit (events.js:191:7)
14 verbose stack     at ChildProcess.<anonymous> (C:\Program Files\nodejs\node_modules\npm\lib\utils\spawn.js:40:14)
14 verbose stack     at emitTwo (events.js:106:13)
14 verbose stack     at ChildProcess.emit (events.js:191:7)
14 verbose stack     at maybeClose (internal/child_process.js:886:16)
14 verbose stack     at Process.ChildProcess._handle.onexit (internal/child_process.js:226:5)
15 verbose pkgid routing@1.0.0
16 verbose cwd C:\Users\Valen\Desktop\Runa\src
17 error Windows_NT 10.0.17134
18 error argv "C:\\Program Files\\nodejs\\node.exe" "C:\\Program Files\\nodejs\\node_modules\\npm\\bin\\npm-cli.js" "start"
19 error node v6.10.3
20 error npm  v3.10.10
21 error code ELIFECYCLE
22 error routing@1.0.0 start: `webpack -w`
22 error Exit status 3221225786
23 error Failed at the routing@1.0.0 start script 'webpack -w'.
23 error Make sure you have the latest version of node.js and npm installed.
23 error If you do, this is most likely a problem with the routing package,
23 error not with npm itself.
23 error Tell the author that this fails on your system:
23 error     webpack -w
23 error You can get information on how to open an issue for this project with:
23 error     npm bugs routing
23 error Or if that isn't available, you can get their info via:
23 error     npm owner ls routing
23 error There is likely additional logging output above.
24 verbose exit [ 1, true ]
